%!Adobe-FontList 1.16
%Locale:0x409

%BeginFont
Handler:DirectoryHandler
FontType:CMap
CMapName:Adobe-CNS1-0
Registry:Adobe
Ordering:CNS1
OutlineFileName:C:\Program Files (x86)\Adobe\Acrobat Reader DC\Resource\CMap\Adobe-CNS1-0
FileLength:4034
FileModTime:1426545250
%EndFont

%BeginFont
Handler:DirectoryHandler
FontType:CMap
CMapName:Adobe-CNS1-1
Registry:Adobe
Ordering:CNS1
OutlineFileName:C:\Program Files (x86)\Adobe\Acrobat Reader DC\Resource\CMap\Adobe-CNS1-1
FileLength:4218
FileModTime:1426545250
%EndFont

%BeginFont
Handler:DirectoryHandler
FontType:CMap
CMapName:Adobe-CNS1-2
Registry:Adobe
Ordering:CNS1
OutlineFileName:C:\Program Files (x86)\Adobe\Acrobat Reader DC\Resource\CMap\Adobe-CNS1-2
FileLength:4239
FileModTime:1426545250
%EndFont

%BeginFont
Handler:DirectoryHandler
FontType:CMap
CMapName:Adobe-CNS1-3
Registry:Adobe
Ordering:CNS1
OutlineFileName:C:\Program Files (x86)\Adobe\Acrobat Reader DC\Resource\CMap\Adobe-CNS1-3
FileLength:4344
FileModTime:1426545250
%EndFont

%BeginFont
Handler:DirectoryHandler
FontType:CMap
CMapName:Adobe-CNS1-4
Registry:Adobe
Ordering:CNS1
OutlineFileName:C:\Program Files (x86)\Adobe\Acrobat Reader DC\Resource\CMap\Adobe-CNS1-4
FileLength:4365
FileModTime:1426545250
%EndFont

%BeginFont
Handler:DirectoryHandler
FontType:CMap
CMapName:Adobe-CNS1-5
Registry:Adobe
Ordering:CNS1
OutlineFileName:C:\Program Files (x86)\Adobe\Acrobat Reader DC\Resource\CMap\Adobe-CNS1-5
FileLength:4365
FileModTime:1426545250
%EndFont

%BeginFont
Handler:DirectoryHandler
FontType:CMap
CMapName:Adobe-CNS1-6
Registry:Adobe
Ordering:CNS1
OutlineFileName:C:\Program Files (x86)\Adobe\Acrobat Reader DC\Resource\CMap\Adobe-CNS1-6
FileLength:4365
FileModTime:1426545250
%EndFont

%BeginFont
Handler:DirectoryHandler
FontType:CMap
CMapName:Adobe-CNS1-B5pc
Registry:Adobe
Ordering:Adobe_CNS1_B5pc
OutlineFileName:C:\Program Files (x86)\Adobe\Acrobat Reader DC\Resource\CMap\Adobe-CNS1-B5pc
FileLength:7955
FileModTime:1426545250
%EndFont

%BeginFont
Handler:DirectoryHandler
FontType:CMap
CMapName:Adobe-CNS1-ETenms-B5
Registry:Adobe
Ordering:Adobe_CNS1_ETenms_B5
OutlineFileName:C:\Program Files (x86)\Adobe\Acrobat Reader DC\Resource\CMap\Adobe-CNS1-ETen-B5
FileLength:8375
FileModTime:1426545252
%EndFont

%BeginFont
Handler:DirectoryHandler
FontType:CMap
CMapName:Adobe-CNS1-H-CID
Registry:Adobe
Ordering:Adobe_CNS1_H_CID
OutlineFileName:C:\Program Files (x86)\Adobe\Acrobat Reader DC\Resource\CMap\Adobe-CNS1-H-CID
FileLength:1973
FileModTime:1426545250
%EndFont

%BeginFont
Handler:DirectoryHandler
FontType:CMap
CMapName:Adobe-CNS1-H-Host
Registry:Adobe
Ordering:Adobe_CNS1_H_Host
OutlineFileName:C:\Program Files (x86)\Adobe\Acrobat Reader DC\Resource\CMap\Adobe-CNS1-H-Host
FileLength:8490
FileModTime:1426545250
%EndFont

%BeginFont
Handler:DirectoryHandler
FontType:CMap
CMapName:Adobe-CNS1-H-Mac
Registry:Adobe
Ordering:Adobe_CNS1_H_Mac
OutlineFileName:C:\Program Files (x86)\Adobe\Acrobat Reader DC\Resource\CMap\Adobe-CNS1-H-Mac
FileLength:8022
FileModTime:1426545250
%EndFont

%BeginFont
Handler:DirectoryHandler
FontType:CMap
CMapName:Adobe-CNS1-UCS2
Registry:Adobe
Ordering:Adobe_CNS1_UCS2
OutlineFileName:C:\Program Files (x86)\Adobe\Acrobat Reader DC\Resource\CMap\Adobe-CNS1-UCS2
FileLength:281794
FileModTime:1426545252
%EndFont

%BeginFont
Handler:DirectoryHandler
FontType:CMap
CMapName:B5pc-H
Registry:Adobe
Ordering:CNS1
OutlineFileName:C:\Program Files (x86)\Adobe\Acrobat Reader DC\Resource\CMap\B5pc-H
FileLength:7953
FileModTime:1426545250
%EndFont

%BeginFont
Handler:DirectoryHandler
FontType:CMap
CMapName:B5pc-UCS2
Registry:Adobe
Ordering:B5pc_UCS2
UseCMap:B5pc-UCS2C
OutlineFileName:C:\Program Files (x86)\Adobe\Acrobat Reader DC\Resource\CMap\B5pc-UCS2
FileLength:1225
FileModTime:1426545250
%EndFont

%BeginFont
Handler:DirectoryHandler
FontType:CMap
CMapName:B5pc-UCS2C
Registry:Adobe
Ordering:B5pc_UCS2C
OutlineFileName:C:\Program Files (x86)\Adobe\Acrobat Reader DC\Resource\CMap\B5pc-UCS2C
FileLength:284606
FileModTime:1426545250
%EndFont

%BeginFont
Handler:DirectoryHandler
FontType:CMap
CMapName:B5pc-V
Registry:Adobe
Ordering:CNS1
UseCMap:B5pc-H
OutlineFileName:C:\Program Files (x86)\Adobe\Acrobat Reader DC\Resource\CMap\B5pc-V
FileLength:3095
FileModTime:1426545250
%EndFont

%BeginFont
Handler:DirectoryHandler
FontType:CMap
CMapName:CNS-EUC-H
Registry:Adobe
Ordering:CNS1
OutlineFileName:C:\Program Files (x86)\Adobe\Acrobat Reader DC\Resource\CMap\CNS-EUC-H
FileLength:12805
FileModTime:1426545250
%EndFont

%BeginFont
Handler:DirectoryHandler
FontType:CMap
CMapName:CNS-EUC-V
Registry:Adobe
Ordering:CNS1
OutlineFileName:C:\Program Files (x86)\Adobe\Acrobat Reader DC\Resource\CMap\CNS-EUC-V
FileLength:13885
FileModTime:1426545250
%EndFont

%BeginFont
Handler:DirectoryHandler
FontType:CMap
CMapName:ETen-B5-H
Registry:Adobe
Ordering:CNS1
OutlineFileName:C:\Program Files (x86)\Adobe\Acrobat Reader DC\Resource\CMap\ETen-B5-H
FileLength:8115
FileModTime:1426545250
%EndFont

%BeginFont
Handler:DirectoryHandler
FontType:CMap
CMapName:ETen-B5-UCS2
Registry:Adobe
Ordering:ETen_B5_UCS2
OutlineFileName:C:\Program Files (x86)\Adobe\Acrobat Reader DC\Resource\CMap\ETen-B5-UCS2
FileLength:288463
FileModTime:1426545252
%EndFont

%BeginFont
Handler:DirectoryHandler
FontType:CMap
CMapName:ETen-B5-V
Registry:Adobe
Ordering:CNS1
UseCMap:ETen-B5-H
OutlineFileName:C:\Program Files (x86)\Adobe\Acrobat Reader DC\Resource\CMap\ETen-B5-V
FileLength:3134
FileModTime:1426545250
%EndFont

%BeginFont
Handler:DirectoryHandler
FontType:CMap
CMapName:ETenms-B5-H
Registry:Adobe
Ordering:CNS1
UseCMap:ETen-B5-H
OutlineFileName:C:\Program Files (x86)\Adobe\Acrobat Reader DC\Resource\CMap\ETenms-B5-H
FileLength:2877
FileModTime:1426545250
%EndFont

%BeginFont
Handler:DirectoryHandler
FontType:CMap
CMapName:ETenms-B5-V
Registry:Adobe
Ordering:CNS1
UseCMap:ETenms-B5-H
OutlineFileName:C:\Program Files (x86)\Adobe\Acrobat Reader DC\Resource\CMap\ETenms-B5-V
FileLength:3209
FileModTime:1426545250
%EndFont

%BeginFont
Handler:DirectoryHandler
FontType:CMap
CMapName:ETHK-B5-H
Registry:Adobe
Ordering:CNS1
OutlineFileName:C:\Program Files (x86)\Adobe\Acrobat Reader DC\Resource\CMap\ETHK-B5-H
FileLength:24599
FileModTime:1426545250
%EndFont

%BeginFont
Handler:DirectoryHandler
FontType:CMap
CMapName:ETHK-B5-V
Registry:Adobe
Ordering:CNS1
UseCMap:ETHK-B5-H
OutlineFileName:C:\Program Files (x86)\Adobe\Acrobat Reader DC\Resource\CMap\ETHK-B5-V
FileLength:3114
FileModTime:1426545250
%EndFont

%BeginFont
Handler:DirectoryHandler
FontType:CMap
CMapName:HKdla-B5-H
Registry:Adobe
Ordering:CNS1
OutlineFileName:C:\Program Files (x86)\Adobe\Acrobat Reader DC\Resource\CMap\HKdla-B5-H
FileLength:24471
FileModTime:1426545252
%EndFont

%BeginFont
Handler:DirectoryHandler
FontType:CMap
CMapName:HKdla-B5-V
Registry:Adobe
Ordering:CNS1
UseCMap:HKdla-B5-H
OutlineFileName:C:\Program Files (x86)\Adobe\Acrobat Reader DC\Resource\CMap\HKdla-B5-V
FileLength:3099
FileModTime:1426545252
%EndFont

%BeginFont
Handler:DirectoryHandler
FontType:CMap
CMapName:HKdlb-B5-H
Registry:Adobe
Ordering:CNS1
OutlineFileName:C:\Program Files (x86)\Adobe\Acrobat Reader DC\Resource\CMap\HKdlb-B5-H
FileLength:22013
FileModTime:1426545250
%EndFont

%BeginFont
Handler:DirectoryHandler
FontType:CMap
CMapName:HKdlb-B5-V
Registry:Adobe
Ordering:CNS1
UseCMap:HKdlb-B5-H
OutlineFileName:C:\Program Files (x86)\Adobe\Acrobat Reader DC\Resource\CMap\HKdlb-B5-V
FileLength:3099
FileModTime:1426545250
%EndFont

%BeginFont
Handler:DirectoryHandler
FontType:CMap
CMapName:HKgccs-B5-H
Registry:Adobe
Ordering:CNS1
OutlineFileName:C:\Program Files (x86)\Adobe\Acrobat Reader DC\Resource\CMap\HKgccs-B5-H
FileLength:14442
FileModTime:1426545250
%EndFont

%BeginFont
Handler:DirectoryHandler
FontType:CMap
CMapName:HKgccs-B5-V
Registry:Adobe
Ordering:CNS1
UseCMap:HKgccs-B5-H
OutlineFileName:C:\Program Files (x86)\Adobe\Acrobat Reader DC\Resource\CMap\HKgccs-B5-V
FileLength:3105
FileModTime:1426545250
%EndFont

%BeginFont
Handler:DirectoryHandler
FontType:CMap
CMapName:HKm314-B5-H
Registry:Adobe
Ordering:CNS1
OutlineFileName:C:\Program Files (x86)\Adobe\Acrobat Reader DC\Resource\CMap\HKm314-B5-H
FileLength:14245
FileModTime:1426545250
%EndFont

%BeginFont
Handler:DirectoryHandler
FontType:CMap
CMapName:HKm314-B5-V
Registry:Adobe
Ordering:CNS1
UseCMap:HKm314-B5-H
OutlineFileName:C:\Program Files (x86)\Adobe\Acrobat Reader DC\Resource\CMap\HKm314-B5-V
FileLength:3105
FileModTime:1426545250
%EndFont

%BeginFont
Handler:DirectoryHandler
FontType:CMap
CMapName:HKm471-B5-H
Registry:Adobe
Ordering:CNS1
OutlineFileName:C:\Program Files (x86)\Adobe\Acrobat Reader DC\Resource\CMap\HKm471-B5-H
FileLength:17365
FileModTime:1426545250
%EndFont

%BeginFont
Handler:DirectoryHandler
FontType:CMap
CMapName:HKm471-B5-V
Registry:Adobe
Ordering:CNS1
UseCMap:HKm471-B5-H
OutlineFileName:C:\Program Files (x86)\Adobe\Acrobat Reader DC\Resource\CMap\HKm471-B5-V
FileLength:3105
FileModTime:1426545250
%EndFont

%BeginFont
Handler:DirectoryHandler
FontType:CMap
CMapName:HKscs-B5-H
Registry:Adobe
Ordering:CNS1
OutlineFileName:C:\Program Files (x86)\Adobe\Acrobat Reader DC\Resource\CMap\HKscs-B5-H
FileLength:24653
FileModTime:1426545250
%EndFont

%BeginFont
Handler:DirectoryHandler
FontType:CMap
CMapName:HKscs-B5-V
Registry:Adobe
Ordering:CNS1
UseCMap:HKscs-B5-H
OutlineFileName:C:\Program Files (x86)\Adobe\Acrobat Reader DC\Resource\CMap\HKscs-B5-V
FileLength:3120
FileModTime:1426545250
%EndFont

%BeginFont
Handler:DirectoryHandler
FontType:CMap
CMapName:Identity-H
Registry:Adobe
Ordering:Identity
OutlineFileName:C:\Program Files (x86)\Adobe\Acrobat Reader DC\Resource\CMap\Identity-H
FileLength:8228
FileModTime:1426545252
%EndFont

%BeginFont
Handler:DirectoryHandler
FontType:CMap
CMapName:Identity-V
Registry:Adobe
Ordering:Identity
UseCMap:Identity-H
OutlineFileName:C:\Program Files (x86)\Adobe\Acrobat Reader DC\Resource\CMap\Identity-V
FileLength:2761
FileModTime:1426545252
%EndFont

%BeginFont
Handler:DirectoryHandler
FontType:CMap
CMapName:UCS2-B5pc
Registry:Adobe
Ordering:UCS2_B5pc
OutlineFileName:C:\Program Files (x86)\Adobe\Acrobat Reader DC\Resource\CMap\UCS2-B5pc
FileLength:284931
FileModTime:1426545250
%EndFont

%BeginFont
Handler:DirectoryHandler
FontType:CMap
CMapName:UCS2-ETen-B5
Registry:Adobe
Ordering:UCS2_ETen_B5
OutlineFileName:C:\Program Files (x86)\Adobe\Acrobat Reader DC\Resource\CMap\UCS2-ETen-B5
FileLength:299283
FileModTime:1426545252
%EndFont

%BeginFont
Handler:DirectoryHandler
FontType:CMap
CMapName:UniCNS-UCS2-H
Registry:Adobe
Ordering:CNS1
OutlineFileName:C:\Program Files (x86)\Adobe\Acrobat Reader DC\Resource\CMap\UniCNS-UCS2-H
FileLength:343410
FileModTime:1426545250
%EndFont

%BeginFont
Handler:DirectoryHandler
FontType:CMap
CMapName:UniCNS-UCS2-V
Registry:Adobe
Ordering:CNS1
UseCMap:UniCNS-UCS2-H
OutlineFileName:C:\Program Files (x86)\Adobe\Acrobat Reader DC\Resource\CMap\UniCNS-UCS2-V
FileLength:3130
FileModTime:1426545250
%EndFont

%BeginFont
Handler:DirectoryHandler
FontType:CMap
CMapName:UniCNS-UTF16-H
Registry:Adobe
Ordering:CNS1
OutlineFileName:C:\Program Files (x86)\Adobe\Acrobat Reader DC\Resource\CMap\UniCNS-UTF16-H
FileLength:271859
FileModTime:1426545250
%EndFont

%BeginFont
Handler:DirectoryHandler
FontType:CMap
CMapName:UniCNS-UTF16-V
Registry:Adobe
Ordering:CNS1
UseCMap:UniCNS-UTF16-H
OutlineFileName:C:\Program Files (x86)\Adobe\Acrobat Reader DC\Resource\CMap\UniCNS-UTF16-V
FileLength:3123
FileModTime:1426545250
%EndFont

%BeginFont
Handler:DirectoryHandler
FontType:CID
FontName:AdobeFanHeitiStd-Bold
FamilyName:Adobe Fan Heiti Std
StyleName:B
FullName:Adobe Fan Heiti Std B
MenuName:Adobe Fan Heiti Std B
StyleBits:2
FamilyNameNative:Adobe 繁黑體 Std
StyleNameNative:B
FullNameNative:Adobe 繁黑體 Std B
WritingScript:TraditionalChinese
OutlineFileName:C:\Program Files (x86)\Adobe\Acrobat Reader DC\Resource\CIDFont\AdobeFanHeitiStd-Bold.otf
DataFormat:sfntData
isCFF:yes
FileLength:5493688
FileModTime:1575296966
WeightClass:600
WidthClass:5
AngleClass:0
NameArray:0,Mac,4,Adobe Fan Heiti Std B
NameArray:2,Mac,4,Adobe 繁黑體 Std B
NameArray:2,Win,1,Adobe 繁黑體 Std B
NameArray:2,Win,16,Adobe 繁黑體 Std
NameArray:0,Win,1,Adobe Fan Heiti Std B
NameArray:0,Win,16,Adobe Fan Heiti Std
NameArray:2,Win,1,Adobe 繁黑體 Std B
NameArray:2,Win,16,Adobe 繁黑體 Std
%EndFont

%BeginFont
Handler:DirectoryHandler
FontType:CID
FontName:AdobeMingStd-Light
FamilyName:Adobe Ming Std
StyleName:L
FullName:Adobe Ming Std L
MenuName:Adobe Ming Std L
StyleBits:0
FamilyNameNative:Adobe 明體 Std
StyleNameNative:L
FullNameNative:Adobe 明體 Std L
WritingScript:TraditionalChinese
OutlineFileName:C:\Program Files (x86)\Adobe\Acrobat Reader DC\Resource\CIDFont\AdobeMingStd-Light.otf
DataFormat:sfntData
isCFF:yes
FileLength:10167416
FileModTime:1575296966
WeightClass:300
WidthClass:5
AngleClass:0
NameArray:0,Mac,4,Adobe Ming Std L
NameArray:2,Mac,4,Adobe 明體 Std L
NameArray:2,Win,1,Adobe 明體 Std L
NameArray:2,Win,16,Adobe 明體 Std
NameArray:0,Win,1,Adobe Ming Std L
NameArray:0,Win,16,Adobe Ming Std
NameArray:2,Win,1,Adobe 明體 Std L
NameArray:2,Win,16,Adobe 明體 Std
%EndFont

%BeginFont
Handler:DirectoryHandler
FontType:Type1
FontName:AdobePiStd
FamilyName:Adobe Pi Std
StyleName:Regular
FullName:Adobe Pi Std
MenuName:Adobe Pi Std
StyleBits:0
WritingScript:Roman
OutlineFileName:C:\Program Files (x86)\Adobe\Acrobat Reader DC\Resource\Font\AdobePiStd.otf
DataFormat:sfntData
UsesStandardEncoding:yes
isCFF:yes
FileLength:85552
FileModTime:1575296966
WeightClass:400
WidthClass:5
AngleClass:0
DesignSize:240
NameArray:0,Mac,4,Adobe Pi Std
NameArray:0,Win,1,Adobe Pi Std
%EndFont

%BeginFont
Handler:DirectoryHandler
FontType:Type1
FontName:CourierStd-Bold
FamilyName:Courier Std
StyleName:Bold
FullName:Courier Std Bold
MenuName:Courier Std
StyleBits:2
WritingScript:Roman
OutlineFileName:C:\Program Files (x86)\Adobe\Acrobat Reader DC\Resource\Font\CourierStd-Bold.otf
DataFormat:sfntData
UsesStandardEncoding:yes
isCFF:yes
FileLength:30488
FileModTime:1575296966
WeightClass:700
WidthClass:5
AngleClass:0
DesignSize:120
NameArray:0,Mac,4,Courier Std Bold
NameArray:0,Win,1,Courier Std
%EndFont

%BeginFont
Handler:DirectoryHandler
FontType:Type1
FontName:CourierStd-BoldOblique
FamilyName:Courier Std
StyleName:Bold Oblique
FullName:Courier Std Bold Oblique
MenuName:Courier Std
StyleBits:3
WritingScript:Roman
OutlineFileName:C:\Program Files (x86)\Adobe\Acrobat Reader DC\Resource\Font\CourierStd-BoldOblique.otf
DataFormat:sfntData
UsesStandardEncoding:yes
isCFF:yes
FileLength:31948
FileModTime:1575296966
WeightClass:700
WidthClass:5
AngleClass:1
DesignSize:120
NameArray:0,Mac,4,Courier Std Bold Oblique
NameArray:0,Win,1,Courier Std
%EndFont

%BeginFont
Handler:DirectoryHandler
FontType:Type1
FontName:CourierStd-Oblique
FamilyName:Courier Std
StyleName:Medium Oblique
FullName:Courier Std Medium Oblique
MenuName:Courier Std
StyleBits:1
WritingScript:Roman
OutlineFileName:C:\Program Files (x86)\Adobe\Acrobat Reader DC\Resource\Font\CourierStd-Oblique.otf
DataFormat:sfntData
UsesStandardEncoding:yes
isCFF:yes
FileLength:32296
FileModTime:1575296966
WeightClass:500
WidthClass:5
AngleClass:1
DesignSize:120
NameArray:0,Mac,18,Courier Std Oblique
NameArray:0,Mac,4,Courier Std Medium Oblique
NameArray:0,Win,1,Courier Std
%EndFont

%BeginFont
Handler:DirectoryHandler
FontType:Type1
FontName:CourierStd
FamilyName:Courier Std
StyleName:Medium
FullName:Courier Std Medium
MenuName:Courier Std
StyleBits:0
WritingScript:Roman
OutlineFileName:C:\Program Files (x86)\Adobe\Acrobat Reader DC\Resource\Font\CourierStd.otf
DataFormat:sfntData
UsesStandardEncoding:yes
isCFF:yes
FileLength:30824
FileModTime:1575296966
WeightClass:500
WidthClass:5
AngleClass:0
DesignSize:120
NameArray:0,Mac,18,Courier Std
NameArray:0,Mac,4,Courier Std Medium
NameArray:0,Win,1,Courier Std
%EndFont

%BeginFont
Handler:DirectoryHandler
FontType:Type1
FontName:MinionPro-Bold
FamilyName:Minion Pro
StyleName:Bold
FullName:Minion Pro Bold
MenuName:Minion Pro
StyleBits:2
WritingScript:Roman
OutlineFileName:C:\Program Files (x86)\Adobe\Acrobat Reader DC\Resource\Font\MinionPro-Bold.otf
DataFormat:sfntData
UsesStandardEncoding:yes
isCFF:yes
FileLength:210284
FileModTime:1575296966
WeightClass:700
WidthClass:5
AngleClass:0
DesignSize:110
NameArray:0,Mac,4,Minion Pro Bold
NameArray:0,Win,1,Minion Pro
%EndFont

%BeginFont
Handler:DirectoryHandler
FontType:Type1
FontName:MinionPro-BoldIt
FamilyName:Minion Pro
StyleName:Bold Italic
FullName:Minion Pro Bold Italic
MenuName:Minion Pro
StyleBits:3
WritingScript:Roman
OutlineFileName:C:\Program Files (x86)\Adobe\Acrobat Reader DC\Resource\Font\MinionPro-BoldIt.otf
DataFormat:sfntData
UsesStandardEncoding:yes
isCFF:yes
FileLength:251140
FileModTime:1575296966
WeightClass:700
WidthClass:5
AngleClass:1
DesignSize:110
NameArray:0,Mac,18,Minion Pro Bold Ital
NameArray:0,Mac,4,Minion Pro Bold Italic
NameArray:0,Win,1,Minion Pro
%EndFont

%BeginFont
Handler:DirectoryHandler
FontType:Type1
FontName:MinionPro-It
FamilyName:Minion Pro
StyleName:Italic
FullName:Minion Pro Italic
MenuName:Minion Pro
StyleBits:1
WritingScript:Roman
OutlineFileName:C:\Program Files (x86)\Adobe\Acrobat Reader DC\Resource\Font\MinionPro-It.otf
DataFormat:sfntData
UsesStandardEncoding:yes
isCFF:yes
FileLength:252108
FileModTime:1575296966
WeightClass:400
WidthClass:5
AngleClass:1
DesignSize:110
NameArray:0,Mac,18,Minion Pro Ital
NameArray:0,Mac,4,Minion Pro Italic
NameArray:0,Win,1,Minion Pro
%EndFont

%BeginFont
Handler:DirectoryHandler
FontType:Type1
FontName:MinionPro-Regular
FamilyName:Minion Pro
StyleName:Regular
FullName:Minion Pro
MenuName:Minion Pro
StyleBits:0
WritingScript:Roman
OutlineFileName:C:\Program Files (x86)\Adobe\Acrobat Reader DC\Resource\Font\MinionPro-Regular.otf
DataFormat:sfntData
UsesStandardEncoding:yes
isCFF:yes
FileLength:210808
FileModTime:1575296966
WeightClass:400
WidthClass:5
AngleClass:0
DesignSize:110
NameArray:0,Mac,4,Minion Pro
NameArray:0,Win,1,Minion Pro
%EndFont

%BeginFont
Handler:DirectoryHandler
FontType:Type1
FontName:MyriadPro-Bold
FamilyName:Myriad Pro
StyleName:Bold
FullName:Myriad Pro Bold
MenuName:Myriad Pro
StyleBits:2
WritingScript:Roman
OutlineFileName:C:\Program Files (x86)\Adobe\Acrobat Reader DC\Resource\Font\MyriadPro-Bold.otf
DataFormat:sfntData
UsesStandardEncoding:yes
isCFF:yes
FileLength:90456
FileModTime:1575296966
WeightClass:700
WidthClass:5
AngleClass:0
DesignSize:110
NameArray:0,Mac,4,Myriad Pro Bold
NameArray:0,Win,1,Myriad Pro
%EndFont

%BeginFont
Handler:DirectoryHandler
FontType:Type1
FontName:MyriadPro-BoldIt
FamilyName:Myriad Pro
StyleName:Bold Italic
FullName:Myriad Pro Bold Italic
MenuName:Myriad Pro
StyleBits:3
WritingScript:Roman
OutlineFileName:C:\Program Files (x86)\Adobe\Acrobat Reader DC\Resource\Font\MyriadPro-BoldIt.otf
DataFormat:sfntData
UsesStandardEncoding:yes
isCFF:yes
FileLength:92636
FileModTime:1575296966
WeightClass:700
WidthClass:5
AngleClass:1
DesignSize:110
NameArray:0,Mac,18,Myriad Pro Bold It
NameArray:0,Mac,4,Myriad Pro Bold Italic
NameArray:0,Win,1,Myriad Pro
%EndFont

%BeginFont
Handler:DirectoryHandler
FontType:Type1
FontName:MyriadPro-It
FamilyName:Myriad Pro
StyleName:Italic
FullName:Myriad Pro Italic
MenuName:Myriad Pro
StyleBits:1
WritingScript:Roman
OutlineFileName:C:\Program Files (x86)\Adobe\Acrobat Reader DC\Resource\Font\MyriadPro-It.otf
DataFormat:sfntData
UsesStandardEncoding:yes
isCFF:yes
FileLength:91132
FileModTime:1575296966
WeightClass:400
WidthClass:5
AngleClass:1
DesignSize:110
NameArray:0,Mac,18,Myriad Pro It
NameArray:0,Mac,4,Myriad Pro Italic
NameArray:0,Win,1,Myriad Pro
%EndFont

%BeginFont
Handler:DirectoryHandler
FontType:Type1
FontName:MyriadPro-Regular
FamilyName:Myriad Pro
StyleName:Regular
FullName:Myriad Pro
MenuName:Myriad Pro
StyleBits:0
WritingScript:Roman
OutlineFileName:C:\Program Files (x86)\Adobe\Acrobat Reader DC\Resource\Font\MyriadPro-Regular.otf
DataFormat:sfntData
UsesStandardEncoding:yes
isCFF:yes
FileLength:90404
FileModTime:1575296966
WeightClass:400
WidthClass:5
AngleClass:0
DesignSize:110
NameArray:0,Mac,4,Myriad Pro
NameArray:0,Win,1,Myriad Pro
%EndFont

%BeginFont
Handler:DirectoryHandler
FontType:Type1
FontName:Symbol
FamilyName:Symbol
StyleName:Regular
FullName:Symbol
MenuName:Symbol
StyleBits:0
WritingScript:Roman
OutlineFileName:C:\Program Files (x86)\Adobe\Acrobat Reader DC\Resource\Font\SY______.PFB
DataFormat:Plain
UsesStandardEncoding:no
isCFF:no
FileLength:34705
FileModTime:1426545250
WeightClass:400
WidthClass:5
AngleClass:0
DesignSize:-1
%EndFont

%BeginFont
Handler:DirectoryHandler
FontType:Type1
FontName:AdobeSansMM
FamilyName:Adobe Sans MM
StyleName:Regular
FullName:Adobe Sans MM
MenuName:Adobe Sans MM
StyleBits:0
WritingScript:Roman
OutlineFileName:C:\Program Files (x86)\Adobe\Acrobat Reader DC\Resource\Font\ZX______.PFB
DataFormat:Plain
MMAxisName:Weight
MMAxisName:Width
UsesStandardEncoding:yes
isCFF:no
FileLength:75573
FileModTime:1426545250
WeightClass:400
WidthClass:5
AngleClass:0
DesignSize:-1
%EndFont

%BeginFont
Handler:DirectoryHandler
FontType:Type1
FontName:AdobeSerifMM
FamilyName:Adobe Serif MM
StyleName:Regular
FullName:Adobe Serif MM
MenuName:Adobe Serif MM
StyleBits:0
WritingScript:Roman
OutlineFileName:C:\Program Files (x86)\Adobe\Acrobat Reader DC\Resource\Font\ZY______.PFB
DataFormat:Plain
MMAxisName:Weight
MMAxisName:Width
UsesStandardEncoding:yes
isCFF:no
FileLength:96418
FileModTime:1426545252
WeightClass:400
WidthClass:5
AngleClass:0
DesignSize:-1
%EndFont

%BeginFont
Handler:DirectoryHandler
FontType:PFM
FontName:Symbol
NumMMAxes:0
OutlineFileName:C:\Program Files (x86)\Adobe\Acrobat Reader DC\Resource\Font\PFM\SY______.PFM
FileLength:672
FileModTime:1426545250
%EndFont

%BeginFont
Handler:DirectoryHandler
FontType:PFM
FontName:AdobeSansMM
NumMMAxes:0
OutlineFileName:C:\Program Files (x86)\Adobe\Acrobat Reader DC\Resource\Font\PFM\zx______.pfm
FileLength:683
FileModTime:1426545252
%EndFont

%BeginFont
Handler:DirectoryHandler
FontType:PFM
FontName:AdobeSerifMM
NumMMAxes:0
OutlineFileName:C:\Program Files (x86)\Adobe\Acrobat Reader DC\Resource\Font\PFM\zy______.pfm
FileLength:684
FileModTime:1426545250
%EndFont

